#
# There is insufficient memory for the Java Runtime Environment to continue.
# Native memory allocation (malloc) failed to allocate 848256 bytes for Chunk::new
# Possible reasons:
#   The system is out of physical RAM or swap space
#   The process is running with CompressedOops enabled, and the Java Heap may be blocking the growth of the native heap
# Possible solutions:
#   Reduce memory load on the system
#   Increase physical memory or swap space
#   Check if swap backing store is full
#   Decrease Java heap size (-Xmx/-Xms)
#   Decrease number of Java threads
#   Decrease Java thread stack sizes (-Xss)
#   Set larger code cache with -XX:ReservedCodeCacheSize=
#   JVM is running with Unscaled Compressed Oops mode in which the Java heap is
#     placed in the first 4GB address space. The Java Heap base address is the
#     maximum limit for the native heap growth. Please use -XX:HeapBaseMinAddress
#     to set the Java Heap base and to place the Java Heap above 4GB virtual address.
# This output file may be truncated or incomplete.
#
#  Out of Memory Error (./src/hotspot/share/memory/arena.cpp:197), pid=10120, tid=2584
#
# JRE version: OpenJDK Runtime Environment (11.0.13) (build 11.0.13+0-b1751.21-8125866)
# Java VM: OpenJDK 64-Bit Server VM (11.0.13+0-b1751.21-8125866, mixed mode, tiered, compressed oops, g1 gc, windows-amd64)
# No core dump will be written. Minidumps are not enabled by default on client versions of Windows
#

---------------  S U M M A R Y ------------

Command Line: --add-opens=java.base/java.util=ALL-UNNAMED --add-opens=java.base/java.lang=ALL-UNNAMED --add-opens=java.base/java.lang.invoke=ALL-UNNAMED --add-opens=java.base/java.util=ALL-UNNAMED --add-opens=java.prefs/java.util.prefs=ALL-UNNAMED --add-opens=java.prefs/java.util.prefs=ALL-UNNAMED --add-opens=java.base/java.nio.charset=ALL-UNNAMED --add-opens=java.base/java.net=ALL-UNNAMED --add-opens=java.base/java.util.concurrent.atomic=ALL-UNNAMED -Xmx1536m -Dfile.encoding=GBK -Duser.country=CN -Duser.language=zh -Duser.variant org.gradle.launcher.daemon.bootstrap.GradleDaemon 7.0.2

Host: Intel(R) Core(TM) i5-8250U CPU @ 1.60GHz, 8 cores, 11G,  Windows 10 , 64 bit Build 19041 (10.0.19041.2546)
Time: Tue Mar 21 13:27:33 2023 中国标准时间 elapsed time: 10172.197487 seconds (0d 2h 49m 32s)

---------------  T H R E A D  ---------------

Current thread (0x000001d73239c800):  JavaThread "C2 CompilerThread0" daemon [_thread_in_native, id=2584, stack(0x000000613c200000,0x000000613c300000)]


Current CompileTask:
C2:10172197 30339       4       groovy.lang.MetaClassImpl$1MOPIter::methodNameAction (325 bytes)

Stack: [0x000000613c200000,0x000000613c300000]
Native frames: (J=compiled Java code, j=interpreted, Vv=VM code, C=native code)
V  [jvm.dll+0x6100fa]
V  [jvm.dll+0x747090]
V  [jvm.dll+0x7486ad]
V  [jvm.dll+0x748d83]
V  [jvm.dll+0x24ab48]
V  [jvm.dll+0xc04dc]
V  [jvm.dll+0xc0a0c]
V  [jvm.dll+0x2bfab4]
V  [jvm.dll+0x524238]
V  [jvm.dll+0x20491a]
V  [jvm.dll+0x2023c2]
V  [jvm.dll+0x188e01]
V  [jvm.dll+0x21106b]
V  [jvm.dll+0x20f8c1]
V  [jvm.dll+0x70de0f]
V  [jvm.dll+0x706a75]
V  [jvm.dll+0x60ed66]
C  [ucrtbase.dll+0x21bb2]
C  [KERNEL32.DLL+0x17614]
C  [ntdll.dll+0x526a1]


---------------  P R O C E S S  ---------------

Threads class SMR info:
_java_thread_list=0x000001d7405f26f0, length=60, elements={
0x000001d717e04800, 0x000001d732306800, 0x000001d732307000, 0x000001d731af8000,
0x000001d732395800, 0x000001d732398800, 0x000001d73239c800, 0x000001d73239d800,
0x000001d73239e800, 0x000001d73251c000, 0x000001d734890800, 0x000001d7325f5000,
0x000001d734771000, 0x000001d73456d800, 0x000001d73456c000, 0x000001d73456c800,
0x000001d73456f000, 0x000001d734570000, 0x000001d73534d000, 0x000001d73534e000,
0x000001d735350800, 0x000001d735352000, 0x000001d73534e800, 0x000001d733a14000,
0x000001d733a0f800, 0x000001d733a10000, 0x000001d733a12800, 0x000001d733a0e800,
0x000001d733a13800, 0x000001d733a12000, 0x000001d73a147000, 0x000001d735353800,
0x000001d735357800, 0x000001d7353f4000, 0x000001d738a1f800, 0x000001d738a1e000,
0x000001d7353fb000, 0x000001d733a11000, 0x000001d7353ef000, 0x000001d738a1d000,
0x000001d738a13800, 0x000001d7353f4800, 0x000001d738a1a000, 0x000001d738a18000,
0x000001d738a12800, 0x000001d7353f8000, 0x000001d738a1b800, 0x000001d73535b000,
0x000001d735356000, 0x000001d735357000, 0x000001d735358800, 0x000001d735359800,
0x000001d735355000, 0x000001d7353f5800, 0x000001d7353f0000, 0x000001d7353f1800,
0x000001d7353f6800, 0x000001d7353f3000, 0x000001d7353f0800, 0x000001d7353f7000
}

Java Threads: ( => current thread )
  0x000001d717e04800 JavaThread "main" [_thread_blocked, id=224, stack(0x000000613b600000,0x000000613b700000)]
  0x000001d732306800 JavaThread "Reference Handler" daemon [_thread_blocked, id=14320, stack(0x000000613bd00000,0x000000613be00000)]
  0x000001d732307000 JavaThread "Finalizer" daemon [_thread_blocked, id=10892, stack(0x000000613be00000,0x000000613bf00000)]
  0x000001d731af8000 JavaThread "Signal Dispatcher" daemon [_thread_blocked, id=3452, stack(0x000000613bf00000,0x000000613c000000)]
  0x000001d732395800 JavaThread "Attach Listener" daemon [_thread_blocked, id=16032, stack(0x000000613c000000,0x000000613c100000)]
  0x000001d732398800 JavaThread "Service Thread" daemon [_thread_blocked, id=1628, stack(0x000000613c100000,0x000000613c200000)]
=>0x000001d73239c800 JavaThread "C2 CompilerThread0" daemon [_thread_in_native, id=2584, stack(0x000000613c200000,0x000000613c300000)]
  0x000001d73239d800 JavaThread "C1 CompilerThread0" daemon [_thread_blocked, id=16824, stack(0x000000613c300000,0x000000613c400000)]
  0x000001d73239e800 JavaThread "Sweeper thread" daemon [_thread_blocked, id=13028, stack(0x000000613c400000,0x000000613c500000)]
  0x000001d73251c000 JavaThread "Common-Cleaner" daemon [_thread_blocked, id=14484, stack(0x000000613c500000,0x000000613c600000)]
  0x000001d734890800 JavaThread "Daemon health stats" [_thread_blocked, id=1784, stack(0x000000613cc00000,0x000000613cd00000)]
  0x000001d7325f5000 JavaThread "Incoming local TCP Connector on port 49725" [_thread_in_native, id=10216, stack(0x000000613c700000,0x000000613c800000)]
  0x000001d734771000 JavaThread "Daemon periodic checks" [_thread_blocked, id=6188, stack(0x000000613cb00000,0x000000613cc00000)]
  0x000001d73456d800 JavaThread "Cache worker for file hash cache (E:\android-sdk\caches\7.0.2\fileHashes)" [_thread_blocked, id=3324, stack(0x000000613cf00000,0x000000613d000000)]
  0x000001d73456c000 JavaThread "File lock request listener" [_thread_in_native, id=1560, stack(0x000000613d500000,0x000000613d600000)]
  0x000001d73456c800 JavaThread "Cache worker for journal cache (E:\android-sdk\caches\journal-1)" [_thread_blocked, id=16252, stack(0x000000613db00000,0x000000613dc00000)]
  0x000001d73456f000 JavaThread "File watcher server" daemon [_thread_in_native, id=8372, stack(0x000000613dd00000,0x000000613de00000)]
  0x000001d734570000 JavaThread "File watcher consumer" daemon [_thread_blocked, id=15424, stack(0x000000613de00000,0x000000613df00000)]
  0x000001d73534d000 JavaThread "Cache worker for execution history cache (E:\android-sdk\caches\7.0.2\executionHistory)" [_thread_blocked, id=8504, stack(0x000000613e300000,0x000000613e400000)]
  0x000001d73534e000 JavaThread "jar transforms" [_thread_blocked, id=9728, stack(0x000000613e500000,0x000000613e600000)]
  0x000001d735350800 JavaThread "jar transforms Thread 2" [_thread_blocked, id=17380, stack(0x000000613e400000,0x000000613e500000)]
  0x000001d735352000 JavaThread "Cache worker for file content cache (E:\android-sdk\caches\7.0.2\fileContent)" [_thread_blocked, id=17028, stack(0x000000613e600000,0x000000613e700000)]
  0x000001d73534e800 JavaThread "jar transforms Thread 3" [_thread_blocked, id=10440, stack(0x000000613e100000,0x000000613e200000)]
  0x000001d733a14000 JavaThread "jar transforms Thread 4" [_thread_blocked, id=4256, stack(0x000000613f200000,0x000000613f300000)]
  0x000001d733a0f800 JavaThread "jar transforms Thread 5" [_thread_blocked, id=11916, stack(0x000000613f300000,0x000000613f400000)]
  0x000001d733a10000 JavaThread "jar transforms Thread 6" [_thread_blocked, id=3952, stack(0x000000613f400000,0x000000613f500000)]
  0x000001d733a12800 JavaThread "jar transforms Thread 7" [_thread_blocked, id=11388, stack(0x000000613f500000,0x000000613f600000)]
  0x000001d733a0e800 JavaThread "jar transforms Thread 8" [_thread_blocked, id=10628, stack(0x000000613f600000,0x000000613f700000)]
  0x000001d733a13800 JavaThread "Memory manager" [_thread_blocked, id=3996, stack(0x000000613f700000,0x000000613f800000)]
  0x000001d733a12000 JavaThread "pool-3-thread-1" [_thread_blocked, id=16628, stack(0x000000613fc00000,0x000000613fd00000)]
  0x000001d73a147000 JavaThread "Cache worker for Java compile cache (E:\android-sdk\caches\7.0.2\javaCompile)" [_thread_blocked, id=4024, stack(0x000000613b500000,0x000000613b600000)]
  0x000001d735353800 JavaThread "pool-8-thread-1" [_thread_blocked, id=9876, stack(0x000000613fb00000,0x000000613fc00000)]
  0x000001d735357800 JavaThread "pool-12-thread-1" [_thread_blocked, id=16544, stack(0x000000613fa00000,0x000000613fb00000)]
  0x000001d7353f4000 JavaThread "pool-16-thread-1" [_thread_blocked, id=15536, stack(0x000000613fd00000,0x000000613fe00000)]
  0x000001d738a1f800 JavaThread "pool-20-thread-1" [_thread_blocked, id=16888, stack(0x000000613fe00000,0x000000613ff00000)]
  0x000001d738a1e000 JavaThread "pool-24-thread-1" [_thread_blocked, id=16064, stack(0x000000613ff00000,0x0000006140000000)]
  0x000001d7353fb000 JavaThread "pool-28-thread-1" [_thread_blocked, id=15840, stack(0x000000613f900000,0x000000613fa00000)]
  0x000001d733a11000 JavaThread "ForkJoinPool.commonPool-worker-15" daemon [_thread_blocked, id=10712, stack(0x0000006141300000,0x0000006141400000)]
  0x000001d7353ef000 JavaThread "pool-32-thread-1" [_thread_blocked, id=13724, stack(0x0000006140000000,0x0000006140100000)]
  0x000001d738a1d000 JavaThread "pool-37-thread-1" [_thread_blocked, id=11472, stack(0x0000006140100000,0x0000006140200000)]
  0x000001d738a13800 JavaThread "pool-42-thread-1" [_thread_blocked, id=2316, stack(0x0000006140200000,0x0000006140300000)]
  0x000001d7353f4800 JavaThread "pool-47-thread-1" [_thread_blocked, id=15052, stack(0x0000006140300000,0x0000006140400000)]
  0x000001d738a1a000 JavaThread "pool-51-thread-1" [_thread_blocked, id=14812, stack(0x0000006140400000,0x0000006140500000)]
  0x000001d738a18000 JavaThread "pool-55-thread-1" [_thread_blocked, id=2076, stack(0x0000006140500000,0x0000006140600000)]
  0x000001d738a12800 JavaThread "pool-59-thread-1" [_thread_blocked, id=1932, stack(0x0000006140600000,0x0000006140700000)]
  0x000001d7353f8000 JavaThread "pool-62-thread-1" [_thread_blocked, id=19352, stack(0x0000006140700000,0x0000006140800000)]
  0x000001d738a1b800 JavaThread "pool-67-thread-1" [_thread_blocked, id=16840, stack(0x0000006140800000,0x0000006140900000)]
  0x000001d73535b000 JavaThread "ForkJoinPool.commonPool-worker-3" daemon [_thread_blocked, id=1080, stack(0x0000006141d00000,0x0000006141e00000)]
  0x000001d735356000 JavaThread "ForkJoinPool.commonPool-worker-5" daemon [_thread_blocked, id=19072, stack(0x0000006141f00000,0x0000006142000000)]
  0x000001d735357000 JavaThread "Daemon Thread 14" [_thread_blocked, id=19032, stack(0x000000613b300000,0x000000613b400000)]
  0x000001d735358800 JavaThread "Handler for socket connection from /127.0.0.1:49725 to /127.0.0.1:51769" [_thread_in_native, id=18568, stack(0x000000613cd00000,0x000000613ce00000)]
  0x000001d735359800 JavaThread "Cancel handler" [_thread_blocked, id=19004, stack(0x000000613ce00000,0x000000613cf00000)]
  0x000001d735355000 JavaThread "Daemon worker Thread 14" [_thread_in_native, id=13852, stack(0x000000613d000000,0x000000613d100000)]
  0x000001d7353f5800 JavaThread "Asynchronous log dispatcher for DefaultDaemonConnection: socket connection from /127.0.0.1:49725 to /127.0.0.1:51769" [_thread_blocked, id=12512, stack(0x000000613d100000,0x000000613d200000)]
  0x000001d7353f0000 JavaThread "Stdin handler" [_thread_blocked, id=6572, stack(0x000000613d200000,0x000000613d300000)]
  0x000001d7353f1800 JavaThread "Daemon client event forwarder" [_thread_blocked, id=5336, stack(0x000000613d300000,0x000000613d400000)]
  0x000001d7353f6800 JavaThread "Cache worker for file hash cache (E:\arcore-android-sdk-master\samples\hello_ar_java\.gradle\7.0.2\fileHashes)" [_thread_blocked, id=8932, stack(0x000000613d400000,0x000000613d500000)]
  0x000001d7353f3000 JavaThread "Cache worker for checksums cache (E:\arcore-android-sdk-master\samples\hello_ar_java\.gradle\checksums)" [_thread_blocked, id=4716, stack(0x000000613dc00000,0x000000613dd00000)]
  0x000001d7353f0800 JavaThread "Cache worker for cache directory md-supplier (E:\android-sdk\caches\7.0.2\md-supplier)" [_thread_blocked, id=20468, stack(0x000000613df00000,0x000000613e000000)]
  0x000001d7353f7000 JavaThread "Cache worker for cache directory md-rule (E:\android-sdk\caches\7.0.2\md-rule)" [_thread_blocked, id=19272, stack(0x000000613e000000,0x000000613e100000)]

Other Threads:
  0x000001d731af4800 VMThread "VM Thread" [stack: 0x000000613bc00000,0x000000613bd00000] [id=16692]
  0x000001d732531000 WatcherThread [stack: 0x000000613c600000,0x000000613c700000] [id=13912]
  0x000001d717e1e000 GCTaskThread "GC Thread#0" [stack: 0x000000613b700000,0x000000613b800000] [id=10920]
  0x000001d733088800 GCTaskThread "GC Thread#1" [stack: 0x000000613c800000,0x000000613c900000] [id=6652]
  0x000001d732fe5000 GCTaskThread "GC Thread#2" [stack: 0x000000613c900000,0x000000613ca00000] [id=12328]
  0x000001d7330c3000 GCTaskThread "GC Thread#3" [stack: 0x000000613ca00000,0x000000613cb00000] [id=11760]
  0x000001d734943800 GCTaskThread "GC Thread#4" [stack: 0x000000613d600000,0x000000613d700000] [id=16632]
  0x000001d7332d9000 GCTaskThread "GC Thread#5" [stack: 0x000000613d700000,0x000000613d800000] [id=8644]
  0x000001d734830800 GCTaskThread "GC Thread#6" [stack: 0x000000613d800000,0x000000613d900000] [id=5412]
  0x000001d733cca800 GCTaskThread "GC Thread#7" [stack: 0x000000613d900000,0x000000613da00000] [id=14168]
  0x000001d717e43800 ConcurrentGCThread "G1 Main Marker" [stack: 0x000000613b800000,0x000000613b900000] [id=13004]
  0x000001d717e44800 ConcurrentGCThread "G1 Conc#0" [stack: 0x000000613b900000,0x000000613ba00000] [id=8564]
  0x000001d73422a000 ConcurrentGCThread "G1 Conc#1" [stack: 0x000000613da00000,0x000000613db00000] [id=8388]
  0x000001d717ebd000 ConcurrentGCThread "G1 Refine#0" [stack: 0x000000613ba00000,0x000000613bb00000] [id=10720]
  0x000001d717ebe800 ConcurrentGCThread "G1 Young RemSet Sampling" [stack: 0x000000613bb00000,0x000000613bc00000] [id=6928]

Threads with active compile tasks:
C2 CompilerThread010172393 30339       4       groovy.lang.MetaClassImpl$1MOPIter::methodNameAction (325 bytes)

VM state:not at safepoint (normal execution)

VM Mutex/Monitor currently owned by a thread: None

Heap address: 0x00000000a0000000, size: 1536 MB, Compressed Oops mode: 32-bit
Narrow klass base: 0x0000000000000000, Narrow klass shift: 3
Compressed class space size: 1073741824 Address: 0x0000000100000000

Heap:
 garbage-first heap   total 196608K, used 137912K [0x00000000a0000000, 0x0000000100000000)
  region size 1024K, 21 young (21504K), 1 survivors (1024K)
 Metaspace       used 136793K, capacity 141486K, committed 141776K, reserved 1175552K
  class space    used 16490K, capacity 18198K, committed 18304K, reserved 1048576K
Heap Regions: E=young(eden), S=young(survivor), O=old, HS=humongous(starts), HC=humongous(continues), CS=collection set, F=free, A=archive, TAMS=top-at-mark-start (previous, next)
|   0|0x00000000a0000000, 0x00000000a0100000, 0x00000000a0100000|100%| O|  |TAMS 0x00000000a0100000, 0x00000000a0000000| Untracked 
|   1|0x00000000a0100000, 0x00000000a0200000, 0x00000000a0200000|100%| O|  |TAMS 0x00000000a0200000, 0x00000000a0100000| Untracked 
|   2|0x00000000a0200000, 0x00000000a0300000, 0x00000000a0300000|100%| O|  |TAMS 0x00000000a0300000, 0x00000000a0200000| Untracked 
|   3|0x00000000a0300000, 0x00000000a0400000, 0x00000000a0400000|100%|HS|  |TAMS 0x00000000a0400000, 0x00000000a0300000| Complete 
|   4|0x00000000a0400000, 0x00000000a0500000, 0x00000000a0500000|100%|HC|  |TAMS 0x00000000a0500000, 0x00000000a0400000| Complete 
|   5|0x00000000a0500000, 0x00000000a0600000, 0x00000000a0600000|100%|HC|  |TAMS 0x00000000a0600000, 0x00000000a0500000| Complete 
|   6|0x00000000a0600000, 0x00000000a0700000, 0x00000000a0700000|100%| O|  |TAMS 0x00000000a0700000, 0x00000000a0600000| Untracked 
|   7|0x00000000a0700000, 0x00000000a0800000, 0x00000000a0800000|100%| O|  |TAMS 0x00000000a0800000, 0x00000000a0700000| Untracked 
|   8|0x00000000a0800000, 0x00000000a0900000, 0x00000000a0900000|100%| O|  |TAMS 0x00000000a0900000, 0x00000000a0800000| Untracked 
|   9|0x00000000a0900000, 0x00000000a0a00000, 0x00000000a0a00000|100%| O|  |TAMS 0x00000000a0a00000, 0x00000000a0900000| Untracked 
|  10|0x00000000a0a00000, 0x00000000a0b00000, 0x00000000a0b00000|100%| O|  |TAMS 0x00000000a0b00000, 0x00000000a0a00000| Untracked 
|  11|0x00000000a0b00000, 0x00000000a0c00000, 0x00000000a0c00000|100%| O|  |TAMS 0x00000000a0c00000, 0x00000000a0b00000| Untracked 
|  12|0x00000000a0c00000, 0x00000000a0d00000, 0x00000000a0d00000|100%| O|  |TAMS 0x00000000a0d00000, 0x00000000a0c00000| Untracked 
|  13|0x00000000a0d00000, 0x00000000a0e00000, 0x00000000a0e00000|100%| O|  |TAMS 0x00000000a0e00000, 0x00000000a0d00000| Untracked 
|  14|0x00000000a0e00000, 0x00000000a0f00000, 0x00000000a0f00000|100%| O|  |TAMS 0x00000000a0f00000, 0x00000000a0e00000| Untracked 
|  15|0x00000000a0f00000, 0x00000000a1000000, 0x00000000a1000000|100%| O|  |TAMS 0x00000000a1000000, 0x00000000a0f00000| Untracked 
|  16|0x00000000a1000000, 0x00000000a1100000, 0x00000000a1100000|100%|HS|  |TAMS 0x00000000a1100000, 0x00000000a1000000| Complete 
|  17|0x00000000a1100000, 0x00000000a1200000, 0x00000000a1200000|100%|HS|  |TAMS 0x00000000a1200000, 0x00000000a1100000| Complete 
|  18|0x00000000a1200000, 0x00000000a1300000, 0x00000000a1300000|100%|HS|  |TAMS 0x00000000a1300000, 0x00000000a1200000| Complete 
|  19|0x00000000a1300000, 0x00000000a1400000, 0x00000000a1400000|100%|HC|  |TAMS 0x00000000a1400000, 0x00000000a1300000| Complete 
|  20|0x00000000a1400000, 0x00000000a1500000, 0x00000000a1500000|100%| O|  |TAMS 0x00000000a1500000, 0x00000000a1400000| Untracked 
|  21|0x00000000a1500000, 0x00000000a1600000, 0x00000000a1600000|100%| O|  |TAMS 0x00000000a1600000, 0x00000000a1500000| Untracked 
|  22|0x00000000a1600000, 0x00000000a1700000, 0x00000000a1700000|100%| O|  |TAMS 0x00000000a1700000, 0x00000000a1600000| Untracked 
|  23|0x00000000a1700000, 0x00000000a1800000, 0x00000000a1800000|100%| O|  |TAMS 0x00000000a1800000, 0x00000000a1700000| Untracked 
|  24|0x00000000a1800000, 0x00000000a1900000, 0x00000000a1900000|100%| O|  |TAMS 0x00000000a1900000, 0x00000000a1800000| Untracked 
|  25|0x00000000a1900000, 0x00000000a1a00000, 0x00000000a1a00000|100%| O|  |TAMS 0x00000000a1a00000, 0x00000000a1900000| Untracked 
|  26|0x00000000a1a00000, 0x00000000a1b00000, 0x00000000a1b00000|100%| O|  |TAMS 0x00000000a1b00000, 0x00000000a1a00000| Untracked 
|  27|0x00000000a1b00000, 0x00000000a1c00000, 0x00000000a1c00000|100%| O|  |TAMS 0x00000000a1c00000, 0x00000000a1b00000| Untracked 
|  28|0x00000000a1c00000, 0x00000000a1d00000, 0x00000000a1d00000|100%| O|  |TAMS 0x00000000a1d00000, 0x00000000a1c00000| Untracked 
|  29|0x00000000a1d00000, 0x00000000a1e00000, 0x00000000a1e00000|100%| O|  |TAMS 0x00000000a1e00000, 0x00000000a1d00000| Untracked 
|  30|0x00000000a1e00000, 0x00000000a1f00000, 0x00000000a1f00000|100%| O|  |TAMS 0x00000000a1f00000, 0x00000000a1e00000| Untracked 
|  31|0x00000000a1f00000, 0x00000000a2000000, 0x00000000a2000000|100%| O|  |TAMS 0x00000000a2000000, 0x00000000a1f00000| Untracked 
|  32|0x00000000a2000000, 0x00000000a2100000, 0x00000000a2100000|100%|HS|  |TAMS 0x00000000a2100000, 0x00000000a2000000| Complete 
|  33|0x00000000a2100000, 0x00000000a2200000, 0x00000000a2200000|100%| O|  |TAMS 0x00000000a2100000, 0x00000000a2100000| Untracked 
|  34|0x00000000a2200000, 0x00000000a2300000, 0x00000000a2300000|100%| O|  |TAMS 0x00000000a2300000, 0x00000000a2200000| Untracked 
|  35|0x00000000a2300000, 0x00000000a2400000, 0x00000000a2400000|100%| O|  |TAMS 0x00000000a2300000, 0x00000000a2300000| Untracked 
|  36|0x00000000a2400000, 0x00000000a2500000, 0x00000000a2500000|100%| O|  |TAMS 0x00000000a2500000, 0x00000000a2400000| Untracked 
|  37|0x00000000a2500000, 0x00000000a2600000, 0x00000000a2600000|100%| O|  |TAMS 0x00000000a2600000, 0x00000000a2500000| Untracked 
|  38|0x00000000a2600000, 0x00000000a2700000, 0x00000000a2700000|100%| O|  |TAMS 0x00000000a2700000, 0x00000000a2600000| Untracked 
|  39|0x00000000a2700000, 0x00000000a2800000, 0x00000000a2800000|100%| O|  |TAMS 0x00000000a2800000, 0x00000000a2700000| Untracked 
|  40|0x00000000a2800000, 0x00000000a2900000, 0x00000000a2900000|100%| O|  |TAMS 0x00000000a2900000, 0x00000000a2800000| Untracked 
|  41|0x00000000a2900000, 0x00000000a2a00000, 0x00000000a2a00000|100%| O|  |TAMS 0x00000000a2a00000, 0x00000000a2900000| Untracked 
|  42|0x00000000a2a00000, 0x00000000a2b00000, 0x00000000a2b00000|100%| O|  |TAMS 0x00000000a2a67000, 0x00000000a2a00000| Untracked 
|  43|0x00000000a2b00000, 0x00000000a2c00000, 0x00000000a2c00000|100%| O|  |TAMS 0x00000000a2c00000, 0x00000000a2b00000| Untracked 
|  44|0x00000000a2c00000, 0x00000000a2d00000, 0x00000000a2d00000|100%|HS|  |TAMS 0x00000000a2c00000, 0x00000000a2c00000| Complete 
|  45|0x00000000a2d00000, 0x00000000a2e00000, 0x00000000a2e00000|100%|HC|  |TAMS 0x00000000a2d00000, 0x00000000a2d00000| Complete 
|  46|0x00000000a2e00000, 0x00000000a2f00000, 0x00000000a2f00000|100%| O|  |TAMS 0x00000000a2f00000, 0x00000000a2e00000| Untracked 
|  47|0x00000000a2f00000, 0x00000000a3000000, 0x00000000a3000000|100%| O|  |TAMS 0x00000000a3000000, 0x00000000a2f00000| Untracked 
|  48|0x00000000a3000000, 0x00000000a3100000, 0x00000000a3100000|100%| O|  |TAMS 0x00000000a3100000, 0x00000000a3000000| Untracked 
|  49|0x00000000a3100000, 0x00000000a3200000, 0x00000000a3200000|100%| O|  |TAMS 0x00000000a3200000, 0x00000000a3100000| Untracked 
|  50|0x00000000a3200000, 0x00000000a3300000, 0x00000000a3300000|100%| O|  |TAMS 0x00000000a3300000, 0x00000000a3200000| Untracked 
|  51|0x00000000a3300000, 0x00000000a3400000, 0x00000000a3400000|100%| O|  |TAMS 0x00000000a3300000, 0x00000000a3300000| Untracked 
|  52|0x00000000a3400000, 0x00000000a3500000, 0x00000000a3500000|100%| O|  |TAMS 0x00000000a3500000, 0x00000000a3400000| Untracked 
|  53|0x00000000a3500000, 0x00000000a3600000, 0x00000000a3600000|100%| O|  |TAMS 0x00000000a3500000, 0x00000000a3500000| Untracked 
|  54|0x00000000a3600000, 0x00000000a3600000, 0x00000000a3700000|  0%| F|  |TAMS 0x00000000a3600000, 0x00000000a3600000| Untracked 
|  55|0x00000000a3700000, 0x00000000a3800000, 0x00000000a3800000|100%| O|  |TAMS 0x00000000a3800000, 0x00000000a3700000| Untracked 
|  56|0x00000000a3800000, 0x00000000a3900000, 0x00000000a3900000|100%| O|  |TAMS 0x00000000a3900000, 0x00000000a3800000| Untracked 
|  57|0x00000000a3900000, 0x00000000a3a00000, 0x00000000a3a00000|100%| O|  |TAMS 0x00000000a3a00000, 0x00000000a3900000| Untracked 
|  58|0x00000000a3a00000, 0x00000000a3a28a00, 0x00000000a3b00000| 15%| O|  |TAMS 0x00000000a3a00000, 0x00000000a3a00000| Untracked 
|  59|0x00000000a3b00000, 0x00000000a3c00000, 0x00000000a3c00000|100%| O|  |TAMS 0x00000000a3c00000, 0x00000000a3b00000| Untracked 
|  60|0x00000000a3c00000, 0x00000000a3d00000, 0x00000000a3d00000|100%| O|  |TAMS 0x00000000a3d00000, 0x00000000a3c00000| Untracked 
|  61|0x00000000a3d00000, 0x00000000a3d00000, 0x00000000a3e00000|  0%| F|  |TAMS 0x00000000a3d00000, 0x00000000a3d00000| Untracked 
|  62|0x00000000a3e00000, 0x00000000a3f00000, 0x00000000a3f00000|100%| O|  |TAMS 0x00000000a3f00000, 0x00000000a3e00000| Untracked 
|  63|0x00000000a3f00000, 0x00000000a3f00000, 0x00000000a4000000|  0%| F|  |TAMS 0x00000000a3f00000, 0x00000000a3f00000| Untracked 
|  64|0x00000000a4000000, 0x00000000a4100000, 0x00000000a4100000|100%| O|  |TAMS 0x00000000a4100000, 0x00000000a4000000| Untracked 
|  65|0x00000000a4100000, 0x00000000a4200000, 0x00000000a4200000|100%| O|  |TAMS 0x00000000a4200000, 0x00000000a4100000| Untracked 
|  66|0x00000000a4200000, 0x00000000a4300000, 0x00000000a4300000|100%| O|  |TAMS 0x00000000a4300000, 0x00000000a4200000| Untracked 
|  67|0x00000000a4300000, 0x00000000a4400000, 0x00000000a4400000|100%| O|  |TAMS 0x00000000a4400000, 0x00000000a4300000| Untracked 
|  68|0x00000000a4400000, 0x00000000a4500000, 0x00000000a4500000|100%| O|  |TAMS 0x00000000a4500000, 0x00000000a4400000| Untracked 
|  69|0x00000000a4500000, 0x00000000a4600000, 0x00000000a4600000|100%| O|  |TAMS 0x00000000a4600000, 0x00000000a4500000| Untracked 
|  70|0x00000000a4600000, 0x00000000a4700000, 0x00000000a4700000|100%| O|  |TAMS 0x00000000a4700000, 0x00000000a4600000| Untracked 
|  71|0x00000000a4700000, 0x00000000a4800000, 0x00000000a4800000|100%| O|  |TAMS 0x00000000a4800000, 0x00000000a4700000| Untracked 
|  72|0x00000000a4800000, 0x00000000a4900000, 0x00000000a4900000|100%| O|  |TAMS 0x00000000a4900000, 0x00000000a4800000| Untracked 
|  73|0x00000000a4900000, 0x00000000a4900000, 0x00000000a4a00000|  0%| F|  |TAMS 0x00000000a4900000, 0x00000000a4900000| Untracked 
|  74|0x00000000a4a00000, 0x00000000a4b00000, 0x00000000a4b00000|100%| O|  |TAMS 0x00000000a4b00000, 0x00000000a4a00000| Untracked 
|  75|0x00000000a4b00000, 0x00000000a4c00000, 0x00000000a4c00000|100%| O|  |TAMS 0x00000000a4c00000, 0x00000000a4b00000| Untracked 
|  76|0x00000000a4c00000, 0x00000000a4d00000, 0x00000000a4d00000|100%| O|  |TAMS 0x00000000a4d00000, 0x00000000a4c00000| Untracked 
|  77|0x00000000a4d00000, 0x00000000a4e00000, 0x00000000a4e00000|100%| O|  |TAMS 0x00000000a4e00000, 0x00000000a4d00000| Untracked 
|  78|0x00000000a4e00000, 0x00000000a4e00000, 0x00000000a4f00000|  0%| F|  |TAMS 0x00000000a4e00000, 0x00000000a4e00000| Untracked 
|  79|0x00000000a4f00000, 0x00000000a5000000, 0x00000000a5000000|100%| O|  |TAMS 0x00000000a5000000, 0x00000000a4f00000| Untracked 
|  80|0x00000000a5000000, 0x00000000a5100000, 0x00000000a5100000|100%|HS|  |TAMS 0x00000000a5000000, 0x00000000a5000000| Complete 
|  81|0x00000000a5100000, 0x00000000a5200000, 0x00000000a5200000|100%|HC|  |TAMS 0x00000000a5100000, 0x00000000a5100000| Complete 
|  82|0x00000000a5200000, 0x00000000a5300000, 0x00000000a5300000|100%|HC|  |TAMS 0x00000000a5200000, 0x00000000a5200000| Complete 
|  83|0x00000000a5300000, 0x00000000a5400000, 0x00000000a5400000|100%| O|  |TAMS 0x00000000a5400000, 0x00000000a5300000| Untracked 
|  84|0x00000000a5400000, 0x00000000a5500000, 0x00000000a5500000|100%| O|  |TAMS 0x00000000a5500000, 0x00000000a5400000| Untracked 
|  85|0x00000000a5500000, 0x00000000a5600000, 0x00000000a5600000|100%|HS|  |TAMS 0x00000000a5500000, 0x00000000a5500000| Complete 
|  86|0x00000000a5600000, 0x00000000a5700000, 0x00000000a5700000|100%|HC|  |TAMS 0x00000000a5600000, 0x00000000a5600000| Complete 
|  87|0x00000000a5700000, 0x00000000a5800000, 0x00000000a5800000|100%|HC|  |TAMS 0x00000000a5700000, 0x00000000a5700000| Complete 
|  88|0x00000000a5800000, 0x00000000a5900000, 0x00000000a5900000|100%| O|  |TAMS 0x00000000a5900000, 0x00000000a5800000| Untracked 
|  89|0x00000000a5900000, 0x00000000a5900000, 0x00000000a5a00000|  0%| F|  |TAMS 0x00000000a5900000, 0x00000000a5900000| Untracked 
|  90|0x00000000a5a00000, 0x00000000a5b00000, 0x00000000a5b00000|100%| O|  |TAMS 0x00000000a5b00000, 0x00000000a5a00000| Untracked 
|  91|0x00000000a5b00000, 0x00000000a5c00000, 0x00000000a5c00000|100%| O|  |TAMS 0x00000000a5c00000, 0x00000000a5b00000| Untracked 
|  92|0x00000000a5c00000, 0x00000000a5d00000, 0x00000000a5d00000|100%| O|  |TAMS 0x00000000a5d00000, 0x00000000a5c00000| Untracked 
|  93|0x00000000a5d00000, 0x00000000a5e00000, 0x00000000a5e00000|100%|HS|  |TAMS 0x00000000a5d00000, 0x00000000a5d00000| Complete 
|  94|0x00000000a5e00000, 0x00000000a5f00000, 0x00000000a5f00000|100%|HC|  |TAMS 0x00000000a5e00000, 0x00000000a5e00000| Complete 
|  95|0x00000000a5f00000, 0x00000000a6000000, 0x00000000a6000000|100%|HC|  |TAMS 0x00000000a5f00000, 0x00000000a5f00000| Complete 
|  96|0x00000000a6000000, 0x00000000a6100000, 0x00000000a6100000|100%|HC|  |TAMS 0x00000000a6000000, 0x00000000a6000000| Complete 
|  97|0x00000000a6100000, 0x00000000a6100000, 0x00000000a6200000|  0%| F|  |TAMS 0x00000000a6100000, 0x00000000a6100000| Untracked 
|  98|0x00000000a6200000, 0x00000000a6200000, 0x00000000a6300000|  0%| F|  |TAMS 0x00000000a6200000, 0x00000000a6200000| Untracked 
|  99|0x00000000a6300000, 0x00000000a6400000, 0x00000000a6400000|100%| O|  |TAMS 0x00000000a6400000, 0x00000000a6300000| Untracked 
| 100|0x00000000a6400000, 0x00000000a6500000, 0x00000000a6500000|100%| O|  |TAMS 0x00000000a6500000, 0x00000000a6400000| Untracked 
| 101|0x00000000a6500000, 0x00000000a6600000, 0x00000000a6600000|100%| O|  |TAMS 0x00000000a6600000, 0x00000000a6500000| Untracked 
| 102|0x00000000a6600000, 0x00000000a6700000, 0x00000000a6700000|100%| O|  |TAMS 0x00000000a6700000, 0x00000000a6600000| Untracked 
| 103|0x00000000a6700000, 0x00000000a6800000, 0x00000000a6800000|100%| O|  |TAMS 0x00000000a6800000, 0x00000000a6700000| Untracked 
| 104|0x00000000a6800000, 0x00000000a6900000, 0x00000000a6900000|100%| O|  |TAMS 0x00000000a6900000, 0x00000000a6800000| Untracked 
| 105|0x00000000a6900000, 0x00000000a6a00000, 0x00000000a6a00000|100%| O|  |TAMS 0x00000000a6a00000, 0x00000000a6900000| Untracked 
| 106|0x00000000a6a00000, 0x00000000a6b00000, 0x00000000a6b00000|100%| O|  |TAMS 0x00000000a6b00000, 0x00000000a6a00000| Untracked 
| 107|0x00000000a6b00000, 0x00000000a6b00000, 0x00000000a6c00000|  0%| F|  |TAMS 0x00000000a6b00000, 0x00000000a6b00000| Untracked 
| 108|0x00000000a6c00000, 0x00000000a6c00000, 0x00000000a6d00000|  0%| F|  |TAMS 0x00000000a6c00000, 0x00000000a6c00000| Untracked 
| 109|0x00000000a6d00000, 0x00000000a6d00000, 0x00000000a6e00000|  0%| F|  |TAMS 0x00000000a6d00000, 0x00000000a6d00000| Untracked 
| 110|0x00000000a6e00000, 0x00000000a6e00000, 0x00000000a6f00000|  0%| F|  |TAMS 0x00000000a6e00000, 0x00000000a6e00000| Untracked 
| 111|0x00000000a6f00000, 0x00000000a6f00000, 0x00000000a7000000|  0%| F|  |TAMS 0x00000000a6f00000, 0x00000000a6f00000| Untracked 
| 112|0x00000000a7000000, 0x00000000a7100000, 0x00000000a7100000|100%|HS|  |TAMS 0x00000000a7100000, 0x00000000a7000000| Complete 
| 113|0x00000000a7100000, 0x00000000a7200000, 0x00000000a7200000|100%|HC|  |TAMS 0x00000000a7200000, 0x00000000a7100000| Complete 
| 114|0x00000000a7200000, 0x00000000a7300000, 0x00000000a7300000|100%|HS|  |TAMS 0x00000000a7300000, 0x00000000a7200000| Complete 
| 115|0x00000000a7300000, 0x00000000a7400000, 0x00000000a7400000|100%|HC|  |TAMS 0x00000000a7400000, 0x00000000a7300000| Complete 
| 116|0x00000000a7400000, 0x00000000a7500000, 0x00000000a7500000|100%|HC|  |TAMS 0x00000000a7500000, 0x00000000a7400000| Complete 
| 117|0x00000000a7500000, 0x00000000a7600000, 0x00000000a7600000|100%|HS|  |TAMS 0x00000000a7600000, 0x00000000a7500000| Complete 
| 118|0x00000000a7600000, 0x00000000a7700000, 0x00000000a7700000|100%|HC|  |TAMS 0x00000000a7700000, 0x00000000a7600000| Complete 
| 119|0x00000000a7700000, 0x00000000a7800000, 0x00000000a7800000|100%|HC|  |TAMS 0x00000000a7800000, 0x00000000a7700000| Complete 
| 120|0x00000000a7800000, 0x00000000a7900000, 0x00000000a7900000|100%|HS|  |TAMS 0x00000000a7900000, 0x00000000a7800000| Complete 
| 121|0x00000000a7900000, 0x00000000a7a00000, 0x00000000a7a00000|100%|HC|  |TAMS 0x00000000a7a00000, 0x00000000a7900000| Complete 
| 122|0x00000000a7a00000, 0x00000000a7b00000, 0x00000000a7b00000|100%|HC|  |TAMS 0x00000000a7b00000, 0x00000000a7a00000| Complete 
| 123|0x00000000a7b00000, 0x00000000a7c00000, 0x00000000a7c00000|100%|HC|  |TAMS 0x00000000a7c00000, 0x00000000a7b00000| Complete 
| 124|0x00000000a7c00000, 0x00000000a7d00000, 0x00000000a7d00000|100%|HS|  |TAMS 0x00000000a7d00000, 0x00000000a7c00000| Complete 
| 125|0x00000000a7d00000, 0x00000000a7e00000, 0x00000000a7e00000|100%|HC|  |TAMS 0x00000000a7e00000, 0x00000000a7d00000| Complete 
| 126|0x00000000a7e00000, 0x00000000a7f00000, 0x00000000a7f00000|100%|HC|  |TAMS 0x00000000a7f00000, 0x00000000a7e00000| Complete 
| 127|0x00000000a7f00000, 0x00000000a8000000, 0x00000000a8000000|100%|HC|  |TAMS 0x00000000a8000000, 0x00000000a7f00000| Complete 
| 128|0x00000000a8000000, 0x00000000a8100000, 0x00000000a8100000|100%|HC|  |TAMS 0x00000000a8100000, 0x00000000a8000000| Complete 
| 129|0x00000000a8100000, 0x00000000a8100000, 0x00000000a8200000|  0%| F|  |TAMS 0x00000000a8100000, 0x00000000a8100000| Untracked 
| 130|0x00000000a8200000, 0x00000000a8200000, 0x00000000a8300000|  0%| F|  |TAMS 0x00000000a8200000, 0x00000000a8200000| Untracked 
| 131|0x00000000a8300000, 0x00000000a8300000, 0x00000000a8400000|  0%| F|  |TAMS 0x00000000a8300000, 0x00000000a8300000| Untracked 
| 132|0x00000000a8400000, 0x00000000a8400000, 0x00000000a8500000|  0%| F|  |TAMS 0x00000000a8400000, 0x00000000a8400000| Untracked 
| 133|0x00000000a8500000, 0x00000000a8500000, 0x00000000a8600000|  0%| F|  |TAMS 0x00000000a8500000, 0x00000000a8500000| Untracked 
| 134|0x00000000a8600000, 0x00000000a8600000, 0x00000000a8700000|  0%| F|  |TAMS 0x00000000a8600000, 0x00000000a8600000| Untracked 
| 135|0x00000000a8700000, 0x00000000a8700000, 0x00000000a8800000|  0%| F|  |TAMS 0x00000000a8700000, 0x00000000a8700000| Untracked 
| 136|0x00000000a8800000, 0x00000000a8800000, 0x00000000a8900000|  0%| F|  |TAMS 0x00000000a8800000, 0x00000000a8800000| Untracked 
| 137|0x00000000a8900000, 0x00000000a8900000, 0x00000000a8a00000|  0%| F|  |TAMS 0x00000000a8900000, 0x00000000a8900000| Untracked 
| 138|0x00000000a8a00000, 0x00000000a8a00000, 0x00000000a8b00000|  0%| F|  |TAMS 0x00000000a8a00000, 0x00000000a8a00000| Untracked 
| 139|0x00000000a8b00000, 0x00000000a8b00000, 0x00000000a8c00000|  0%| F|  |TAMS 0x00000000a8b00000, 0x00000000a8b00000| Untracked 
| 140|0x00000000a8c00000, 0x00000000a8c00000, 0x00000000a8d00000|  0%| F|  |TAMS 0x00000000a8c00000, 0x00000000a8c00000| Untracked 
| 141|0x00000000a8d00000, 0x00000000a8d00000, 0x00000000a8e00000|  0%| F|  |TAMS 0x00000000a8d00000, 0x00000000a8d00000| Untracked 
| 142|0x00000000a8e00000, 0x00000000a8e00000, 0x00000000a8f00000|  0%| F|  |TAMS 0x00000000a8e00000, 0x00000000a8e00000| Untracked 
| 143|0x00000000a8f00000, 0x00000000a8f00000, 0x00000000a9000000|  0%| F|  |TAMS 0x00000000a8f00000, 0x00000000a8f00000| Untracked 
| 144|0x00000000a9000000, 0x00000000a9000000, 0x00000000a9100000|  0%| F|  |TAMS 0x00000000a9000000, 0x00000000a9000000| Untracked 
| 145|0x00000000a9100000, 0x00000000a9100000, 0x00000000a9200000|  0%| F|  |TAMS 0x00000000a9100000, 0x00000000a9100000| Untracked 
| 146|0x00000000a9200000, 0x00000000a9200000, 0x00000000a9300000|  0%| F|  |TAMS 0x00000000a9200000, 0x00000000a9200000| Untracked 
| 147|0x00000000a9300000, 0x00000000a9300000, 0x00000000a9400000|  0%| F|  |TAMS 0x00000000a9300000, 0x00000000a9300000| Untracked 
| 148|0x00000000a9400000, 0x00000000a9400000, 0x00000000a9500000|  0%| F|  |TAMS 0x00000000a9400000, 0x00000000a9400000| Untracked 
| 149|0x00000000a9500000, 0x00000000a9500000, 0x00000000a9600000|  0%| F|  |TAMS 0x00000000a9500000, 0x00000000a9500000| Untracked 
| 150|0x00000000a9600000, 0x00000000a9600000, 0x00000000a9700000|  0%| F|  |TAMS 0x00000000a9600000, 0x00000000a9600000| Untracked 
| 151|0x00000000a9700000, 0x00000000a9700000, 0x00000000a9800000|  0%| F|  |TAMS 0x00000000a9700000, 0x00000000a9700000| Untracked 
| 152|0x00000000a9800000, 0x00000000a9800000, 0x00000000a9900000|  0%| F|  |TAMS 0x00000000a9800000, 0x00000000a9800000| Untracked 
| 153|0x00000000a9900000, 0x00000000a9900000, 0x00000000a9a00000|  0%| F|  |TAMS 0x00000000a9900000, 0x00000000a9900000| Untracked 
| 154|0x00000000a9a00000, 0x00000000a9a00000, 0x00000000a9b00000|  0%| F|  |TAMS 0x00000000a9a00000, 0x00000000a9a00000| Untracked 
| 155|0x00000000a9b00000, 0x00000000a9b00000, 0x00000000a9c00000|  0%| F|  |TAMS 0x00000000a9b00000, 0x00000000a9b00000| Untracked 
| 156|0x00000000a9c00000, 0x00000000a9c00000, 0x00000000a9d00000|  0%| F|  |TAMS 0x00000000a9c00000, 0x00000000a9c00000| Untracked 
| 157|0x00000000a9d00000, 0x00000000a9d00000, 0x00000000a9e00000|  0%| F|  |TAMS 0x00000000a9d00000, 0x00000000a9d00000| Untracked 
| 158|0x00000000a9e00000, 0x00000000a9e00000, 0x00000000a9f00000|  0%| F|  |TAMS 0x00000000a9e00000, 0x00000000a9e00000| Untracked 
| 159|0x00000000a9f00000, 0x00000000a9f00000, 0x00000000aa000000|  0%| F|  |TAMS 0x00000000a9f00000, 0x00000000a9f00000| Untracked 
| 160|0x00000000aa000000, 0x00000000aa000000, 0x00000000aa100000|  0%| F|  |TAMS 0x00000000aa000000, 0x00000000aa000000| Untracked 
| 161|0x00000000aa100000, 0x00000000aa100000, 0x00000000aa200000|  0%| F|  |TAMS 0x00000000aa100000, 0x00000000aa100000| Untracked 
| 162|0x00000000aa200000, 0x00000000aa200000, 0x00000000aa300000|  0%| F|  |TAMS 0x00000000aa200000, 0x00000000aa200000| Untracked 
| 163|0x00000000aa300000, 0x00000000aa300000, 0x00000000aa400000|  0%| F|  |TAMS 0x00000000aa300000, 0x00000000aa300000| Untracked 
| 164|0x00000000aa400000, 0x00000000aa400000, 0x00000000aa500000|  0%| F|  |TAMS 0x00000000aa400000, 0x00000000aa400000| Untracked 
| 165|0x00000000aa500000, 0x00000000aa500000, 0x00000000aa600000|  0%| F|  |TAMS 0x00000000aa500000, 0x00000000aa500000| Untracked 
| 166|0x00000000aa600000, 0x00000000aa600000, 0x00000000aa700000|  0%| F|  |TAMS 0x00000000aa600000, 0x00000000aa600000| Untracked 
| 167|0x00000000aa700000, 0x00000000aa700000, 0x00000000aa800000|  0%| F|  |TAMS 0x00000000aa700000, 0x00000000aa700000| Untracked 
| 168|0x00000000aa800000, 0x00000000aa800000, 0x00000000aa900000|  0%| F|  |TAMS 0x00000000aa800000, 0x00000000aa800000| Untracked 
| 169|0x00000000aa900000, 0x00000000aa900000, 0x00000000aaa00000|  0%| F|  |TAMS 0x00000000aa900000, 0x00000000aa900000| Untracked 
| 170|0x00000000aaa00000, 0x00000000aaa00000, 0x00000000aab00000|  0%| F|  |TAMS 0x00000000aaa00000, 0x00000000aaa00000| Untracked 
| 171|0x00000000aab00000, 0x00000000aab83c10, 0x00000000aac00000| 51%| E|  |TAMS 0x00000000aab00000, 0x00000000aab00000| Complete 
| 172|0x00000000aac00000, 0x00000000aad00000, 0x00000000aad00000|100%| E|CS|TAMS 0x00000000aac00000, 0x00000000aac00000| Complete 
| 173|0x00000000aad00000, 0x00000000aae00000, 0x00000000aae00000|100%| E|CS|TAMS 0x00000000aad00000, 0x00000000aad00000| Complete 
| 174|0x00000000aae00000, 0x00000000aaf00000, 0x00000000aaf00000|100%| E|CS|TAMS 0x00000000aae00000, 0x00000000aae00000| Complete 
| 175|0x00000000aaf00000, 0x00000000ab000000, 0x00000000ab000000|100%| E|CS|TAMS 0x00000000aaf00000, 0x00000000aaf00000| Complete 
| 176|0x00000000ab000000, 0x00000000ab100000, 0x00000000ab100000|100%| E|CS|TAMS 0x00000000ab000000, 0x00000000ab000000| Complete 
| 177|0x00000000ab100000, 0x00000000ab200000, 0x00000000ab200000|100%| E|CS|TAMS 0x00000000ab100000, 0x00000000ab100000| Complete 
| 178|0x00000000ab200000, 0x00000000ab300000, 0x00000000ab300000|100%| E|CS|TAMS 0x00000000ab200000, 0x00000000ab200000| Complete 
| 179|0x00000000ab300000, 0x00000000ab400000, 0x00000000ab400000|100%| E|CS|TAMS 0x00000000ab300000, 0x00000000ab300000| Complete 
| 180|0x00000000ab400000, 0x00000000ab500000, 0x00000000ab500000|100%| E|CS|TAMS 0x00000000ab400000, 0x00000000ab400000| Complete 
| 181|0x00000000ab500000, 0x00000000ab600000, 0x00000000ab600000|100%| E|CS|TAMS 0x00000000ab500000, 0x00000000ab500000| Complete 
| 182|0x00000000ab600000, 0x00000000ab700000, 0x00000000ab700000|100%| E|CS|TAMS 0x00000000ab600000, 0x00000000ab600000| Complete 
| 183|0x00000000ab700000, 0x00000000ab800000, 0x00000000ab800000|100%| E|CS|TAMS 0x00000000ab700000, 0x00000000ab700000| Complete 
| 184|0x00000000ab800000, 0x00000000ab900000, 0x00000000ab900000|100%| E|CS|TAMS 0x00000000ab800000, 0x00000000ab800000| Complete 
| 185|0x00000000ab900000, 0x00000000aba00000, 0x00000000aba00000|100%| E|CS|TAMS 0x00000000ab900000, 0x00000000ab900000| Complete 
| 186|0x00000000aba00000, 0x00000000abb00000, 0x00000000abb00000|100%| E|CS|TAMS 0x00000000aba00000, 0x00000000aba00000| Complete 
| 187|0x00000000abb00000, 0x00000000abb85668, 0x00000000abc00000| 52%| S|CS|TAMS 0x00000000abb00000, 0x00000000abb00000| Complete 
| 188|0x00000000abc00000, 0x00000000abd00000, 0x00000000abd00000|100%| E|CS|TAMS 0x00000000abc00000, 0x00000000abc00000| Complete 
| 189|0x00000000abd00000, 0x00000000abe00000, 0x00000000abe00000|100%| E|CS|TAMS 0x00000000abd00000, 0x00000000abd00000| Complete 
| 190|0x00000000abe00000, 0x00000000abf00000, 0x00000000abf00000|100%| E|CS|TAMS 0x00000000abe00000, 0x00000000abe00000| Complete 
| 191|0x00000000abf00000, 0x00000000ac000000, 0x00000000ac000000|100%| E|CS|TAMS 0x00000000abf00000, 0x00000000abf00000| Complete 

Card table byte_map: [0x000001d72ba00000,0x000001d72bd00000] _byte_map_base: 0x000001d72b500000

Marking Bits (Prev, Next): (CMBitMap*) 0x000001d717e3c8b8, (CMBitMap*) 0x000001d717e3c8f0
 Prev Bits: [0x000001d72c000000, 0x000001d72d800000)
 Next Bits: [0x000001d72d800000, 0x000001d72f000000)

Polling page: 0x000001d717ec0000

Metaspace:

Usage:
  Non-class:    120.46 MB capacity,   117.55 MB ( 98%) used,     2.39 MB (  2%) free+waste,   543.13 KB ( <1%) overhead. 
      Class:     17.80 MB capacity,    16.11 MB ( 91%) used,     1.46 MB (  8%) free+waste,   238.44 KB (  1%) overhead. 
       Both:    138.26 MB capacity,   133.66 MB ( 97%) used,     3.84 MB (  3%) free+waste,   781.56 KB ( <1%) overhead. 

Virtual space:
  Non-class space:      124.00 MB reserved,     120.58 MB ( 97%) committed 
      Class space:        1.00 GB reserved,      17.88 MB (  2%) committed 
             Both:        1.12 GB reserved,     138.45 MB ( 12%) committed 

Chunk freelists:
   Non-Class:  56.00 KB
       Class:  10.00 KB
        Both:  66.00 KB

MaxMetaspaceSize: 17179869184.00 GB
CompressedClassSpaceSize: 1.00 GB
Initial GC threshold: 20.80 MB
Current GC threshold: 228.88 MB
CDS: off

CodeHeap 'non-profiled nmethods': size=120000Kb used=21773Kb max_used=21773Kb free=98226Kb
 bounds [0x000001d723770000, 0x000001d724cc0000, 0x000001d72aca0000]
CodeHeap 'profiled nmethods': size=120000Kb used=57498Kb max_used=58909Kb free=62501Kb
 bounds [0x000001d71c240000, 0x000001d71fbe0000, 0x000001d723770000]
CodeHeap 'non-nmethods': size=5760Kb used=2453Kb max_used=2516Kb free=3306Kb
 bounds [0x000001d71bca0000, 0x000001d71bf20000, 0x000001d71c240000]
 total_blobs=26521 nmethods=25536 adapters=895
 compilation: enabled
              stopped_count=0, restarted_count=0
 full_count=0

Compilation events (20 events):
Event: 10171.235 Thread 0x000001d73239d800 30331       3       org.codehaus.groovy.reflection.ClassInfo$GlobalClassSet::add (9 bytes)
Event: 10171.235 Thread 0x000001d73239d800 nmethod 30331 0x000001d71def7a10 code [0x000001d71def7c00, 0x000001d71def7fd8]
Event: 10171.235 Thread 0x000001d73239d800 30332       3       org.codehaus.groovy.util.ManagedConcurrentLinkedQueue::add (20 bytes)
Event: 10171.235 Thread 0x000001d73239d800 nmethod 30332 0x000001d71e0f5210 code [0x000001d71e0f5400, 0x000001d71e0f5758]
Event: 10171.244 Thread 0x000001d73239c800 nmethod 30320 0x000001d724cad310 code [0x000001d724cad580, 0x000001d724cae470]
Event: 10171.244 Thread 0x000001d73239c800 30323       4       groovy.lang.MetaClassImpl::makeReplacementMetaProperty (241 bytes)
Event: 10171.315 Thread 0x000001d73239c800 nmethod 30323 0x000001d724caeb90 code [0x000001d724caee40, 0x000001d724cb12a0]
Event: 10171.447 Thread 0x000001d73239c800 30333       4       java.util.zip.ZipFile$ZipFileInputStream::initDataOffset (109 bytes)
Event: 10171.451 Thread 0x000001d73239c800 nmethod 30333 0x000001d724cb1e10 code [0x000001d724cb1fe0, 0x000001d724cb25f8]
Event: 10171.467 Thread 0x000001d73239c800 30334   !   4       java.util.zip.ZipFile$Source::readAt (39 bytes)
Event: 10171.470 Thread 0x000001d73239c800 nmethod 30334 0x000001d724cb2a10 code [0x000001d724cb2bc0, 0x000001d724cb2ff8]
Event: 10171.532 Thread 0x000001d73239d800 30335       3       java.util.zip.ZipFile$ZipFileInflaterInputStream::available (44 bytes)
Event: 10171.533 Thread 0x000001d73239c800 30336       4       java.io.BufferedReader::readLine (6 bytes)
Event: 10171.533 Thread 0x000001d73239d800 nmethod 30335 0x000001d71e497710 code [0x000001d71e497900, 0x000001d71e497e48]
Event: 10171.533 Thread 0x000001d73239c800 nmethod 30336 0x000001d724cb3290 code [0x000001d724cb3420, 0x000001d724cb34a8]
Event: 10172.072 Thread 0x000001d73239d800 30337       3       java.lang.ClassValue$ClassValueMap::sizeCache (51 bytes)
Event: 10172.072 Thread 0x000001d73239d800 nmethod 30337 0x000001d71db29990 code [0x000001d71db29b80, 0x000001d71db29dd8]
Event: 10172.075 Thread 0x000001d73239c800 30339       4       groovy.lang.MetaClassImpl$1MOPIter::methodNameAction (325 bytes)
Event: 10172.075 Thread 0x000001d73239d800 30340       3       org.codehaus.groovy.reflection.CachedClass$CachedMethodComparatorWithString::compare (37 bytes)
Event: 10172.075 Thread 0x000001d73239d800 nmethod 30340 0x000001d71e285b90 code [0x000001d71e285da0, 0x000001d71e286518]

GC Heap History (20 events):
Event: 9927.236 GC heap before
{Heap before GC invocations=118 (full 0):
 garbage-first heap   total 196608K, used 102740K [0x00000000a0000000, 0x0000000100000000)
  region size 1024K, 9 young (9216K), 4 survivors (4096K)
 Metaspace       used 129919K, capacity 134204K, committed 134224K, reserved 1167360K
  class space    used 15553K, capacity 17142K, committed 17152K, reserved 1048576K
}
Event: 9927.247 GC heap after
{Heap after GC invocations=119 (full 0):
 garbage-first heap   total 196608K, used 93195K [0x00000000a0000000, 0x0000000100000000)
  region size 1024K, 1 young (1024K), 1 survivors (1024K)
 Metaspace       used 129919K, capacity 134204K, committed 134224K, reserved 1167360K
  class space    used 15553K, capacity 17142K, committed 17152K, reserved 1048576K
}
Event: 9927.265 GC heap before
{Heap before GC invocations=119 (full 0):
 garbage-first heap   total 196608K, used 94219K [0x00000000a0000000, 0x0000000100000000)
  region size 1024K, 4 young (4096K), 1 survivors (1024K)
 Metaspace       used 129923K, capacity 134204K, committed 134224K, reserved 1167360K
  class space    used 15553K, capacity 17142K, committed 17152K, reserved 1048576K
}
Event: 9927.270 GC heap after
{Heap after GC invocations=120 (full 0):
 garbage-first heap   total 196608K, used 93137K [0x00000000a0000000, 0x0000000100000000)
  region size 1024K, 1 young (1024K), 1 survivors (1024K)
 Metaspace       used 129923K, capacity 134204K, committed 134224K, reserved 1167360K
  class space    used 15553K, capacity 17142K, committed 17152K, reserved 1048576K
}
Event: 10164.353 GC heap before
{Heap before GC invocations=121 (full 0):
 garbage-first heap   total 196608K, used 167889K [0x00000000a0000000, 0x0000000100000000)
  region size 1024K, 48 young (49152K), 1 survivors (1024K)
 Metaspace       used 133241K, capacity 137785K, committed 137936K, reserved 1169408K
  class space    used 16113K, capacity 17784K, committed 17792K, reserved 1048576K
}
Event: 10164.359 GC heap after
{Heap after GC invocations=122 (full 0):
 garbage-first heap   total 196608K, used 117230K [0x00000000a0000000, 0x0000000100000000)
  region size 1024K, 6 young (6144K), 6 survivors (6144K)
 Metaspace       used 133241K, capacity 137785K, committed 137936K, reserved 1169408K
  class space    used 16113K, capacity 17784K, committed 17792K, reserved 1048576K
}
Event: 10164.383 GC heap before
{Heap before GC invocations=122 (full 0):
 garbage-first heap   total 196608K, used 120302K [0x00000000a0000000, 0x0000000100000000)
  region size 1024K, 9 young (9216K), 6 survivors (6144K)
 Metaspace       used 133275K, capacity 137849K, committed 137936K, reserved 1169408K
  class space    used 16113K, capacity 17784K, committed 17792K, reserved 1048576K
}
Event: 10164.394 GC heap after
{Heap after GC invocations=123 (full 0):
 garbage-first heap   total 196608K, used 106636K [0x00000000a0000000, 0x0000000100000000)
  region size 1024K, 1 young (1024K), 1 survivors (1024K)
 Metaspace       used 133275K, capacity 137849K, committed 137936K, reserved 1169408K
  class space    used 16113K, capacity 17784K, committed 17792K, reserved 1048576K
}
Event: 10164.582 GC heap before
{Heap before GC invocations=123 (full 0):
 garbage-first heap   total 196608K, used 147596K [0x00000000a0000000, 0x0000000100000000)
  region size 1024K, 41 young (41984K), 1 survivors (1024K)
 Metaspace       used 133386K, capacity 137913K, committed 137936K, reserved 1169408K
  class space    used 16116K, capacity 17784K, committed 17792K, reserved 1048576K
}
Event: 10164.592 GC heap after
{Heap after GC invocations=124 (full 0):
 garbage-first heap   total 196608K, used 107571K [0x00000000a0000000, 0x0000000100000000)
  region size 1024K, 2 young (2048K), 2 survivors (2048K)
 Metaspace       used 133386K, capacity 137913K, committed 137936K, reserved 1169408K
  class space    used 16116K, capacity 17784K, committed 17792K, reserved 1048576K
}
Event: 10165.891 GC heap before
{Heap before GC invocations=125 (full 0):
 garbage-first heap   total 196608K, used 151603K [0x00000000a0000000, 0x0000000100000000)
  region size 1024K, 45 young (46080K), 2 survivors (2048K)
 Metaspace       used 134029K, capacity 138648K, committed 138832K, reserved 1171456K
  class space    used 16195K, capacity 17880K, committed 17920K, reserved 1048576K
}
Event: 10165.894 GC heap after
{Heap after GC invocations=126 (full 0):
 garbage-first heap   total 196608K, used 108274K [0x00000000a0000000, 0x0000000100000000)
  region size 1024K, 3 young (3072K), 3 survivors (3072K)
 Metaspace       used 134029K, capacity 138648K, committed 138832K, reserved 1171456K
  class space    used 16195K, capacity 17880K, committed 17920K, reserved 1048576K
}
Event: 10166.689 GC heap before
{Heap before GC invocations=126 (full 0):
 garbage-first heap   total 196608K, used 113394K [0x00000000a0000000, 0x0000000100000000)
  region size 1024K, 9 young (9216K), 3 survivors (3072K)
 Metaspace       used 134765K, capacity 139352K, committed 139472K, reserved 1171456K
  class space    used 16282K, capacity 17964K, committed 18048K, reserved 1048576K
}
Event: 10166.698 GC heap after
{Heap after GC invocations=127 (full 0):
 garbage-first heap   total 196608K, used 103455K [0x00000000a0000000, 0x0000000100000000)
  region size 1024K, 2 young (2048K), 2 survivors (2048K)
 Metaspace       used 134765K, capacity 139352K, committed 139472K, reserved 1171456K
  class space    used 16282K, capacity 17964K, committed 18048K, reserved 1048576K
}
Event: 10167.507 GC heap before
{Heap before GC invocations=127 (full 0):
 garbage-first heap   total 196608K, used 108575K [0x00000000a0000000, 0x0000000100000000)
  region size 1024K, 9 young (9216K), 2 survivors (2048K)
 Metaspace       used 135727K, capacity 140338K, committed 140624K, reserved 1171456K
  class space    used 16381K, capacity 18054K, committed 18176K, reserved 1048576K
}
Event: 10167.511 GC heap after
{Heap after GC invocations=128 (full 0):
 garbage-first heap   total 196608K, used 104170K [0x00000000a0000000, 0x0000000100000000)
  region size 1024K, 3 young (3072K), 3 survivors (3072K)
 Metaspace       used 135727K, capacity 140338K, committed 140624K, reserved 1171456K
  class space    used 16381K, capacity 18054K, committed 18176K, reserved 1048576K
}
Event: 10169.334 GC heap before
{Heap before GC invocations=129 (full 0):
 garbage-first heap   total 196608K, used 158442K [0x00000000a0000000, 0x0000000100000000)
  region size 1024K, 45 young (46080K), 3 survivors (3072K)
 Metaspace       used 135765K, capacity 140338K, committed 140624K, reserved 1171456K
  class space    used 16384K, capacity 18054K, committed 18176K, reserved 1048576K
}
Event: 10169.339 GC heap after
{Heap after GC invocations=130 (full 0):
 garbage-first heap   total 196608K, used 118807K [0x00000000a0000000, 0x0000000100000000)
  region size 1024K, 5 young (5120K), 5 survivors (5120K)
 Metaspace       used 135765K, capacity 140338K, committed 140624K, reserved 1171456K
  class space    used 16384K, capacity 18054K, committed 18176K, reserved 1048576K
}
Event: 10169.524 GC heap before
{Heap before GC invocations=130 (full 0):
 garbage-first heap   total 196608K, used 122903K [0x00000000a0000000, 0x0000000100000000)
  region size 1024K, 9 young (9216K), 5 survivors (5120K)
 Metaspace       used 135837K, capacity 140405K, committed 140624K, reserved 1171456K
  class space    used 16386K, capacity 18055K, committed 18176K, reserved 1048576K
}
Event: 10169.530 GC heap after
{Heap after GC invocations=131 (full 0):
 garbage-first heap   total 196608K, used 118456K [0x00000000a0000000, 0x0000000100000000)
  region size 1024K, 1 young (1024K), 1 survivors (1024K)
 Metaspace       used 135837K, capacity 140405K, committed 140624K, reserved 1171456K
  class space    used 16386K, capacity 18055K, committed 18176K, reserved 1048576K
}

Deoptimization events (20 events):
Event: 10170.359 Thread 0x000001d735355000 DEOPT PACKING pc=0x000001d72397b4f4 sp=0x000000613d0f9b70
Event: 10170.359 Thread 0x000001d735355000 DEOPT UNPACKING pc=0x000001d71bcea1af sp=0x000000613d0f9860 mode 2
Event: 10170.365 Thread 0x000001d735355000 Uncommon trap: trap_request=0xffffff4d fr.pc=0x000001d723af02e4 relative=0x0000000000001744
Event: 10170.365 Thread 0x000001d735355000 Uncommon trap: reason=unstable_if action=reinterpret pc=0x000001d723af02e4 method=java.lang.ClassLoader.checkCerts(Ljava/lang/String;Ljava/security/CodeSource;)V @ 29 c2
Event: 10170.365 Thread 0x000001d735355000 DEOPT PACKING pc=0x000001d723af02e4 sp=0x000000613d0f8930
Event: 10170.365 Thread 0x000001d735355000 DEOPT UNPACKING pc=0x000001d71bcea1af sp=0x000000613d0f8898 mode 2
Event: 10170.365 Thread 0x000001d735355000 Uncommon trap: trap_request=0xffffff4d fr.pc=0x000001d723a38180 relative=0x0000000000000c40
Event: 10170.365 Thread 0x000001d735355000 Uncommon trap: reason=unstable_if action=reinterpret pc=0x000001d723a38180 method=java.lang.ClassLoader.loadClass(Ljava/lang/String;Z)Ljava/lang/Class; @ 29 c2
Event: 10170.365 Thread 0x000001d735355000 DEOPT PACKING pc=0x000001d723a38180 sp=0x000000613d0f83e0
Event: 10170.365 Thread 0x000001d735355000 DEOPT UNPACKING pc=0x000001d71bcea1af sp=0x000000613d0f83a8 mode 2
Event: 10170.415 Thread 0x000001d735355000 DEOPT PACKING pc=0x000001d71c872beb sp=0x000000613d0fa340
Event: 10170.415 Thread 0x000001d735355000 DEOPT UNPACKING pc=0x000001d71bcea95e sp=0x000000613d0f97a0 mode 0
Event: 10171.149 Thread 0x000001d735355000 Uncommon trap: trap_request=0xffffff4d fr.pc=0x000001d72401f358 relative=0x0000000000003c18
Event: 10171.149 Thread 0x000001d735355000 Uncommon trap: reason=unstable_if action=reinterpret pc=0x000001d72401f358 method=java.lang.reflect.AccessibleObject.checkCanSetAccessible(Ljava/lang/Class;Ljava/lang/Class;Z)Z @ 67 c2
Event: 10171.149 Thread 0x000001d735355000 DEOPT PACKING pc=0x000001d72401f358 sp=0x000000613d0f8b50
Event: 10171.149 Thread 0x000001d735355000 DEOPT UNPACKING pc=0x000001d71bcea1af sp=0x000000613d0f8b78 mode 2
Event: 10171.231 Thread 0x000001d735355000 Uncommon trap: trap_request=0xffffff4d fr.pc=0x000001d723af2828 relative=0x00000000000011a8
Event: 10171.231 Thread 0x000001d735355000 Uncommon trap: reason=unstable_if action=reinterpret pc=0x000001d723af2828 method=java.lang.ClassLoader.checkCerts(Ljava/lang/String;Ljava/security/CodeSource;)V @ 29 c2
Event: 10171.231 Thread 0x000001d735355000 DEOPT PACKING pc=0x000001d723af2828 sp=0x000000613d0f8a50
Event: 10171.231 Thread 0x000001d735355000 DEOPT UNPACKING pc=0x000001d71bcea1af sp=0x000000613d0f8a30 mode 2

Classes redefined (0 events):
No events

Internal exceptions (20 events):
Event: 10170.424 Thread 0x000001d735355000 Exception <a 'java/lang/ClassNotFoundException'{0x00000000ab3a0ee8}: org/gradle/util/GradleVersionCustomizer> (0x00000000ab3a0ee8) thrown at [./src/hotspot/share/classfile/systemDictionary.cpp, line 231]
Event: 10171.066 Thread 0x000001d735355000 Exception <a 'java/lang/ClassNotFoundException'{0x00000000ab209328}: org/jetbrains/plugins/gradle/tooling/internal/ExtraModelBuilderBeanInfo> (0x00000000ab209328) thrown at [./src/hotspot/share/classfile/systemDictionary.cpp, line 231]
Event: 10171.067 Thread 0x000001d735355000 Exception <a 'java/lang/ClassNotFoundException'{0x00000000ab2138d8}: org/jetbrains/plugins/gradle/tooling/internal/ExtraModelBuilderCustomizer> (0x00000000ab2138d8) thrown at [./src/hotspot/share/classfile/systemDictionary.cpp, line 231]
Event: 10171.157 Thread 0x000001d735355000 Exception <a 'java/lang/ClassNotFoundException'{0x00000000ab123a60}: java/lang/StringBeanInfo> (0x00000000ab123a60) thrown at [./src/hotspot/share/classfile/systemDictionary.cpp, line 231]
Event: 10171.157 Thread 0x000001d735355000 Exception <a 'java/lang/ClassNotFoundException'{0x00000000ab12b070}: java/lang/StringCustomizer> (0x00000000ab12b070) thrown at [./src/hotspot/share/classfile/systemDictionary.cpp, line 231]
Event: 10171.228 Thread 0x000001d735355000 Exception <a 'java/lang/ClassNotFoundException'{0x00000000ab1be468}: org/gradle/internal/classloader/VisitableURLClassLoaderBeanInfo> (0x00000000ab1be468) thrown at [./src/hotspot/share/classfile/systemDictionary.cpp, line 231]
Event: 10171.228 Thread 0x000001d735355000 Exception <a 'java/lang/ClassNotFoundException'{0x00000000ab1c6728}: java/net/URLClassLoaderBeanInfo> (0x00000000ab1c6728) thrown at [./src/hotspot/share/classfile/systemDictionary.cpp, line 231]
Event: 10171.228 Thread 0x000001d735355000 Exception <a 'java/lang/ClassNotFoundException'{0x00000000ab1ce4d8}: java/security/SecureClassLoaderBeanInfo> (0x00000000ab1ce4d8) thrown at [./src/hotspot/share/classfile/systemDictionary.cpp, line 231]
Event: 10171.229 Thread 0x000001d735355000 Exception <a 'java/lang/ClassNotFoundException'{0x00000000ab1d6398}: java/lang/ClassLoaderBeanInfo> (0x00000000ab1d6398) thrown at [./src/hotspot/share/classfile/systemDictionary.cpp, line 231]
Event: 10171.229 Thread 0x000001d735355000 Exception <a 'java/lang/ClassNotFoundException'{0x00000000ab1de260}: java/lang/ClassLoaderCustomizer> (0x00000000ab1de260) thrown at [./src/hotspot/share/classfile/systemDictionary.cpp, line 231]
Event: 10171.229 Thread 0x000001d735355000 Exception <a 'java/lang/ClassNotFoundException'{0x00000000ab1f2f98}: java/security/SecureClassLoaderCustomizer> (0x00000000ab1f2f98) thrown at [./src/hotspot/share/classfile/systemDictionary.cpp, line 231]
Event: 10171.230 Thread 0x000001d735355000 Exception <a 'java/lang/ClassNotFoundException'{0x00000000ab1fccc8}: java/net/URLClassLoaderCustomizer> (0x00000000ab1fccc8) thrown at [./src/hotspot/share/classfile/systemDictionary.cpp, line 231]
Event: 10171.230 Thread 0x000001d735355000 Exception <a 'java/lang/ClassNotFoundException'{0x00000000ab02d218}: org/gradle/internal/classloader/VisitableURLClassLoaderCustomizer> (0x00000000ab02d218) thrown at [./src/hotspot/share/classfile/systemDictionary.cpp, line 231]
Event: 10171.231 Thread 0x000001d735355000 Implicit null exception at 0x000001d723af19eb to 0x000001d723af2814
Event: 10171.233 Thread 0x000001d735355000 Exception <a 'java/lang/ClassNotFoundException'{0x00000000ab06bec0}: org/jetbrains/plugins/gradle/tooling/internal/ExtraModelBuilder$ForGradle44BeanInfo> (0x00000000ab06bec0) thrown at [./src/hotspot/share/classfile/systemDictionary.cpp, line 231]
Event: 10171.234 Thread 0x000001d735355000 Exception <a 'java/lang/ClassNotFoundException'{0x00000000ab076870}: org/jetbrains/plugins/gradle/tooling/internal/ExtraModelBuilder$ForGradle44Customizer> (0x00000000ab076870) thrown at [./src/hotspot/share/classfile/systemDictionary.cpp, line 231]
Event: 10172.075 Thread 0x000001d735355000 Exception <a 'java/lang/ClassNotFoundException'{0x00000000aad90b08}: org/jetbrains/plugins/gradle/tooling/builder/WarModelBuilderImplBeanInfo> (0x00000000aad90b08) thrown at [./src/hotspot/share/classfile/systemDictionary.cpp, line 231]
Event: 10172.076 Thread 0x000001d735355000 Exception <a 'java/lang/ClassNotFoundException'{0x00000000aad9c5b0}: org/jetbrains/plugins/gradle/tooling/AbstractModelBuilderServiceBeanInfo> (0x00000000aad9c5b0) thrown at [./src/hotspot/share/classfile/systemDictionary.cpp, line 231]
Event: 10172.076 Thread 0x000001d735355000 Exception <a 'java/lang/ClassNotFoundException'{0x00000000aada8148}: org/jetbrains/plugins/gradle/tooling/AbstractModelBuilderServiceCustomizer> (0x00000000aada8148) thrown at [./src/hotspot/share/classfile/systemDictionary.cpp, line 231]
Event: 10172.076 Thread 0x000001d735355000 Exception <a 'java/lang/ClassNotFoundException'{0x00000000aadb6b78}: org/jetbrains/plugins/gradle/tooling/builder/WarModelBuilderImplCustomizer> (0x00000000aadb6b78) thrown at [./src/hotspot/share/classfile/systemDictionary.cpp, line 231]

Events (20 events):
Event: 10172.075 loading class org/jetbrains/plugins/gradle/tooling/AbstractModelBuilderServiceBeanInfo
Event: 10172.075 loading class org/jetbrains/plugins/gradle/tooling/AbstractModelBuilderServiceBeanInfo done
Event: 10172.076 loading class org/jetbrains/plugins/gradle/tooling/AbstractModelBuilderServiceCustomizer
Event: 10172.076 loading class org/jetbrains/plugins/gradle/tooling/AbstractModelBuilderServiceCustomizer done
Event: 10172.076 loading class org/jetbrains/plugins/gradle/tooling/AbstractModelBuilderServiceCustomizer
Event: 10172.076 loading class org/jetbrains/plugins/gradle/tooling/AbstractModelBuilderServiceCustomizer done
Event: 10172.076 loading class org/jetbrains/plugins/gradle/tooling/builder/WarModelBuilderImplCustomizer
Event: 10172.076 loading class org/jetbrains/plugins/gradle/tooling/builder/WarModelBuilderImplCustomizer done
Event: 10172.076 loading class org/jetbrains/plugins/gradle/tooling/builder/WarModelBuilderImplCustomizer
Event: 10172.076 loading class org/jetbrains/plugins/gradle/tooling/builder/WarModelBuilderImplCustomizer done
Event: 10172.077 loading class org/jetbrains/plugins/gradle/tooling/builder/EarModelBuilderImpl
Event: 10172.077 loading class org/jetbrains/plugins/gradle/tooling/builder/EarModelBuilderImpl done
Event: 10172.078 loading class org/gradle/api/plugins/PluginAware
Event: 10172.078 loading class org/gradle/api/plugins/PluginAware done
Event: 10172.078 loading class org/gradle/api/NamedDomainObjectCollection
Event: 10172.078 loading class org/gradle/api/NamedDomainObjectCollection done
Event: 10172.078 loading class org/jetbrains/plugins/gradle/tooling/builder/CopySpecWalker$Visitor
Event: 10172.078 loading class org/jetbrains/plugins/gradle/tooling/builder/CopySpecWalker$Visitor done
Event: 10172.078 loading class org/jetbrains/plugins/gradle/tooling/util/SourceSetCachedFinder
Event: 10172.078 loading class org/jetbrains/plugins/gradle/tooling/util/SourceSetCachedFinder done


Dynamic libraries:
0x00007ff666180000 - 0x00007ff66618a000 	E:\Android\Android Studio\jre\bin\java.exe
0x00007ff9cf730000 - 0x00007ff9cf928000 	C:\WINDOWS\SYSTEM32\ntdll.dll
0x00007ff9cde00000 - 0x00007ff9cdebf000 	C:\WINDOWS\System32\KERNEL32.DLL
0x00007ff9ccef0000 - 0x00007ff9cd1c2000 	C:\WINDOWS\System32\KERNELBASE.dll
0x00007ff9cd450000 - 0x00007ff9cd550000 	C:\WINDOWS\System32\ucrtbase.dll
0x00007ff9b0480000 - 0x00007ff9b0497000 	E:\Android\Android Studio\jre\bin\VCRUNTIME140.dll
0x00007ff9b0460000 - 0x00007ff9b0479000 	E:\Android\Android Studio\jre\bin\jli.dll
0x00007ff9ce610000 - 0x00007ff9ce7b1000 	C:\WINDOWS\System32\USER32.dll
0x00007ff9ccec0000 - 0x00007ff9ccee2000 	C:\WINDOWS\System32\win32u.dll
0x00007ff9ced80000 - 0x00007ff9cedab000 	C:\WINDOWS\System32\GDI32.dll
0x00007ff9cd340000 - 0x00007ff9cd44f000 	C:\WINDOWS\System32\gdi32full.dll
0x00007ff9cd580000 - 0x00007ff9cd61d000 	C:\WINDOWS\System32\msvcp_win.dll
0x00007ff9b8740000 - 0x00007ff9b89da000 	C:\WINDOWS\WinSxS\amd64_microsoft.windows.common-controls_6595b64144ccf1df_6.0.19041.1110_none_60b5254171f9507e\COMCTL32.dll
0x00007ff9cece0000 - 0x00007ff9ced7e000 	C:\WINDOWS\System32\msvcrt.dll
0x00007ff9cf4b0000 - 0x00007ff9cf4e0000 	C:\WINDOWS\System32\IMM32.DLL
0x00000000574d0000 - 0x00000000574dc000 	E:\360\360Safe\safemon\SafeWrapper.dll
0x00007ff9cf370000 - 0x00007ff9cf41e000 	C:\WINDOWS\System32\ADVAPI32.dll
0x00007ff9cedb0000 - 0x00007ff9cee4c000 	C:\WINDOWS\System32\sechost.dll
0x00007ff9cdcb0000 - 0x00007ff9cddd4000 	C:\WINDOWS\System32\RPCRT4.dll
0x00007ff9b7ab0000 - 0x00007ff9b7b51000 	E:\360\360Safe\safemon\libzdtp64.dll
0x00007ff9cdec0000 - 0x00007ff9ce605000 	C:\WINDOWS\System32\SHELL32.dll
0x00007ff9cd780000 - 0x00007ff9cd7d5000 	C:\WINDOWS\System32\SHLWAPI.dll
0x00007ff9cc9c0000 - 0x00007ff9cc9ca000 	C:\WINDOWS\SYSTEM32\VERSION.dll
0x00007ff9ace50000 - 0x00007ff9aceed000 	E:\Android\Android Studio\jre\bin\msvcp140.dll
0x00007ff99bec0000 - 0x00007ff99c9c2000 	E:\Android\Android Studio\jre\bin\server\jvm.dll
0x00007ff9cf420000 - 0x00007ff9cf428000 	C:\WINDOWS\System32\PSAPI.DLL
0x00007ff9b89e0000 - 0x00007ff9b8a07000 	C:\WINDOWS\SYSTEM32\WINMM.dll
0x00007ff9b75b0000 - 0x00007ff9b75b9000 	C:\WINDOWS\SYSTEM32\WSOCK32.dll
0x00007ff9ce900000 - 0x00007ff9ce96b000 	C:\WINDOWS\System32\WS2_32.dll
0x00007ff9cb660000 - 0x00007ff9cb672000 	C:\WINDOWS\SYSTEM32\kernel.appcore.dll
0x00007ff9c5a70000 - 0x00007ff9c5a81000 	E:\Android\Android Studio\jre\bin\verify.dll
0x00007ff9cb320000 - 0x00007ff9cb504000 	C:\WINDOWS\SYSTEM32\DBGHELP.DLL
0x00007ff9b0580000 - 0x00007ff9b05b5000 	C:\WINDOWS\SYSTEM32\dbgcore.DLL
0x00007ff9cce30000 - 0x00007ff9cceb2000 	C:\WINDOWS\System32\bcryptPrimitives.dll
0x00007ff9bae60000 - 0x00007ff9bae89000 	E:\Android\Android Studio\jre\bin\java.dll
0x00007ff9c5a60000 - 0x00007ff9c5a6b000 	E:\Android\Android Studio\jre\bin\jimage.dll
0x00007ff9b0140000 - 0x00007ff9b0158000 	E:\Android\Android Studio\jre\bin\zip.dll
0x00007ff9caab0000 - 0x00007ff9cb242000 	C:\WINDOWS\SYSTEM32\windows.storage.dll
0x00007ff9ce980000 - 0x00007ff9cecd5000 	C:\WINDOWS\System32\combase.dll
0x00007ff9cc820000 - 0x00007ff9cc850000 	C:\WINDOWS\SYSTEM32\Wldp.dll
0x00007ff9ce7c0000 - 0x00007ff9ce86d000 	C:\WINDOWS\System32\SHCORE.dll
0x00007ff9ccd70000 - 0x00007ff9ccd8f000 	C:\WINDOWS\SYSTEM32\profapi.dll
0x00007ff9ace30000 - 0x00007ff9ace4a000 	E:\Android\Android Studio\jre\bin\net.dll
0x00007ff9c3e60000 - 0x00007ff9c3f6a000 	C:\WINDOWS\SYSTEM32\WINHTTP.dll
0x00007ff9cc580000 - 0x00007ff9cc5ea000 	C:\WINDOWS\system32\mswsock.dll
0x00007ff9ace10000 - 0x00007ff9ace24000 	E:\Android\Android Studio\jre\bin\nio.dll
0x00007ff9b8a60000 - 0x00007ff9b8a87000 	E:\android-sdk\native\8bec1ad78214c89d9ad589b4d07fe93259594b29d510b10fafb7a158f7737e5d\windows-amd64\native-platform.dll
0x00007ff9a8620000 - 0x00007ff9a875d000 	E:\android-sdk\native\53dbd7edfb1c66fb8903c78663c9afc45aea4f116125fa6feffd364cf09443e8\windows-amd64\native-platform-file-events.dll
0x00007ff9c5a50000 - 0x00007ff9c5a5a000 	E:\Android\Android Studio\jre\bin\management.dll
0x00007ff9b3650000 - 0x00007ff9b365d000 	E:\Android\Android Studio\jre\bin\management_ext.dll
0x00007ff9cc770000 - 0x00007ff9cc788000 	C:\WINDOWS\SYSTEM32\CRYPTSP.dll
0x00007ff9cbe30000 - 0x00007ff9cbe64000 	C:\WINDOWS\system32\rsaenh.dll
0x00007ff9cd550000 - 0x00007ff9cd577000 	C:\WINDOWS\System32\bcrypt.dll
0x00007ff9ccd30000 - 0x00007ff9ccd5e000 	C:\WINDOWS\SYSTEM32\USERENV.dll
0x00007ff9cc790000 - 0x00007ff9cc79c000 	C:\WINDOWS\SYSTEM32\CRYPTBASE.dll
0x00007ff9cc220000 - 0x00007ff9cc25b000 	C:\WINDOWS\SYSTEM32\IPHLPAPI.DLL
0x00007ff9cf0b0000 - 0x00007ff9cf0b8000 	C:\WINDOWS\System32\NSI.dll
0x00007ff9c5f20000 - 0x00007ff9c5f37000 	C:\WINDOWS\SYSTEM32\dhcpcsvc6.DLL
0x00007ff9c5f00000 - 0x00007ff9c5f1d000 	C:\WINDOWS\SYSTEM32\dhcpcsvc.DLL
0x00007ff9cc260000 - 0x00007ff9cc32b000 	C:\WINDOWS\SYSTEM32\DNSAPI.dll

dbghelp: loaded successfully - version: 4.0.5 - missing functions: none
symbol engine: initialized successfully - sym options: 0x614 - pdb path: .;E:\Android\Android Studio\jre\bin;C:\WINDOWS\SYSTEM32;C:\WINDOWS\WinSxS\amd64_microsoft.windows.common-controls_6595b64144ccf1df_6.0.19041.1110_none_60b5254171f9507e;E:\360\360Safe\safemon;E:\Android\Android Studio\jre\bin\server;E:\android-sdk\native\8bec1ad78214c89d9ad589b4d07fe93259594b29d510b10fafb7a158f7737e5d\windows-amd64;E:\android-sdk\native\53dbd7edfb1c66fb8903c78663c9afc45aea4f116125fa6feffd364cf09443e8\windows-amd64

VM Arguments:
jvm_args: --add-opens=java.base/java.util=ALL-UNNAMED --add-opens=java.base/java.lang=ALL-UNNAMED --add-opens=java.base/java.lang.invoke=ALL-UNNAMED --add-opens=java.base/java.util=ALL-UNNAMED --add-opens=java.prefs/java.util.prefs=ALL-UNNAMED --add-opens=java.prefs/java.util.prefs=ALL-UNNAMED --add-opens=java.base/java.nio.charset=ALL-UNNAMED --add-opens=java.base/java.net=ALL-UNNAMED --add-opens=java.base/java.util.concurrent.atomic=ALL-UNNAMED -Xmx1536m -Dfile.encoding=GBK -Duser.country=CN -Duser.language=zh -Duser.variant 
java_command: org.gradle.launcher.daemon.bootstrap.GradleDaemon 7.0.2
java_class_path (initial): E:\android-sdk\wrapper\dists\gradle-7.0.2-all\7era6s5ay7zsbhuvl0oc9g94s\gradle-7.0.2\lib\gradle-launcher-7.0.2.jar
Launcher Type: SUN_STANDARD

[Global flags]
     intx CICompilerCount                          = 4                                         {product} {ergonomic}
     uint ConcGCThreads                            = 2                                         {product} {ergonomic}
     uint G1ConcRefinementThreads                  = 8                                         {product} {ergonomic}
   size_t G1HeapRegionSize                         = 1048576                                   {product} {ergonomic}
    uintx GCDrainStackTargetSize                   = 64                                        {product} {ergonomic}
   size_t InitialHeapSize                          = 201326592                                 {product} {ergonomic}
   size_t MarkStackSize                            = 4194304                                   {product} {ergonomic}
   size_t MaxHeapSize                              = 1610612736                                {product} {command line}
   size_t MaxNewSize                               = 965738496                                 {product} {ergonomic}
   size_t MinHeapDeltaBytes                        = 1048576                                   {product} {ergonomic}
    uintx NonNMethodCodeHeapSize                   = 5836300                                {pd product} {ergonomic}
    uintx NonProfiledCodeHeapSize                  = 122910970                              {pd product} {ergonomic}
    uintx ProfiledCodeHeapSize                     = 122910970                              {pd product} {ergonomic}
    uintx ReservedCodeCacheSize                    = 251658240                              {pd product} {ergonomic}
     bool SegmentedCodeCache                       = true                                      {product} {ergonomic}
     bool UseCompressedClassPointers               = true                                 {lp64_product} {ergonomic}
     bool UseCompressedOops                        = true                                 {lp64_product} {ergonomic}
     bool UseG1GC                                  = true                                      {product} {ergonomic}
     bool UseLargePagesIndividualAllocation        = false                                  {pd product} {ergonomic}

Logging:
Log output configuration:
 #0: stdout all=warning uptime,level,tags
 #1: stderr all=off uptime,level,tags

Environment Variables:
CLASSPATH=.;%JAVA_HOME%\lib\dt.jar;%JAVA_HOME%\lib\tools.jar; %JAVA_HOME%\jre\lib\ext\sqljdbc4.jar
PATH=E:\VMware\VMware Workstation\bin\;D:\Python27\;D:\Python27\Scripts;C:\ProgramData\Oracle\Java\javapath;C:\Program Files\Microsoft MPI\Bin\;D:\Anaconda3-new;D:\Anaconda3-new\Library\mingw-w64\bin;D:\Anaconda3-new\Library\usr\bin;D:\Anaconda3-new\Library\bin;D:\Anaconda3-new\Scripts;C:\Program Files (x86)\Intel\iCLS Client\;C:\Program Files\Intel\iCLS Client\;C:\Windows\system32;C:\Windows;C:\Windows\System32\Wbem;C:\Windows\System32\WindowsPowerShell\v1.0\;C:\Program Files (x86)\NVIDIA Corporation\PhysX\Common;C:\Program Files (x86)\Intel\Intel(R) Management Engine Components\DAL;C:\Program Files\Intel\Intel(R) Management Engine Components\DAL;C:\Program Files (x86)\Intel\Intel(R) Management Engine Components\IPT;C:\Program Files\Intel\Intel(R) Management Engine Components\IPT;C:\WINDOWS\System32\OpenSSH\;C:\Program Files\dotnet\;C:\Program Files\NVIDIA Corporation\NVIDIA NvDLISR;C:\Program Files\Java\jdk1.8.0_144\bin;D:\Microsoft SQL Server\Client SDK\ODBC\170\Tools\Binn\;E:\Microsoft SQL Server\150\Tools\Binn\;D:\Microsoft SQL Server\150\Tools\Binn\;D:\Microsoft SQL Server\150\DTS\Binn\;C:\WINDOWS\System32\Wbem;C:\WINDOWS\System32\WindowsPowerShell\v1.0\;C:\WINDOWS\System32\OpenSSH\;C:\Program Files\Azure Data Studio\bin;C:\Program Files\MySQL\MySQL Server 8.0\bin;D:\apache-maven-3.8.1\bin;C:\WINDOWS\system32;C:\Program Files\MySQL\MySQL Server 5.5\bin;E:\android-sdk\tools;C:\WINDOWS;C:\WINDOWS\System32\Wbem;D:\NetSarang\Xshell 7\;D:\Apache24\bin;C:\Program Files (x86)\dotnet\;C:\Program Files (x86)\Microsoft SQL Server\90\Tools\binn\;E:\Rational\common;E:\mysql-8.0.29-winx64\bin;E:\nodejs\;E:\Xftp 7\;E:\ceres\cmake-3.14.4-win64-x64\bin;E:\Microsoft Visual Studio\2019\Community\VC\Tools\MSVC\14.29.30133\bin\Hostx64\x64;E:\Program Files\NVIDIA GPU Computing Toolkit\CUDA\v11.1\libnvvp;E:\Program Files\NVIDIA GPU Computing Toolkit\CUDA\v11.1\bin;C:\Program Files\NVIDIA Corporation\Nsight Compute 2019.3.0\;E:\ceres\install\ceres\bin;E:\ceres\install\gflags\bin;E:\cer
USERNAME=win10
OS=Windows_NT
PROCESSOR_IDENTIFIER=Intel64 Family 6 Model 142 Stepping 10, GenuineIntel



---------------  S Y S T E M  ---------------

OS: Windows 10 , 64 bit Build 19041 (10.0.19041.2546)
OS uptime: 0 days 3:48 hours

CPU:total 8 (initial active 8) (4 cores per cpu, 2 threads per core) family 6 model 142 stepping 10 microcode 0xb4, cmov, cx8, fxsr, mmx, sse, sse2, sse3, ssse3, sse4.1, sse4.2, popcnt, avx, avx2, aes, clmul, erms, 3dnowpref, lzcnt, ht, tsc, tscinvbit, bmi1, bmi2, adx, fma

Memory: 4k page, system-wide physical 12174M (1777M free)
TotalPageFile size 14591M (AvailPageFile size 161M)
current process WorkingSet (physical memory assigned to process): 515M, peak: 590M
current process commit charge ("private bytes"): 616M, peak: 632M

vm_info: OpenJDK 64-Bit Server VM (11.0.13+0-b1751.21-8125866) for windows-amd64 JRE (11.0.13+0-b1751.21-8125866), built on Feb  2 2022 03:00:22 by "builder" with MS VC++ 14.0 (VS2015)

END.
